<?xml version="1.0" encoding="UTF-8"?>
<!-- Generated by org.testng.reporters.JUnitReportReporter -->
<testsuite skipped="0" hostname="MohammedAlams-MacBook-Pro.local" name="com.ttech.alamqa.Disney" tests="1" failures="0" timestamp="29 Oct 2018 01:10:41 GMT" time="13.025" errors="0">
  <testcase name="DisneyWorldClass" time="13.025" classname="com.ttech.alamqa.Disney"/>
</testsuite> <!-- com.ttech.alamqa.Disney -->
